<?xml version="1.0" encoding="UTF-8"?>
<!-- Generated by org.testng.reporters.JUnitXMLReporter -->
<testsuite ignored="0" hostname="LAPTOP-BM9BTFO4" failures="0" tests="4" name="Test" time="0.049" errors="0" timestamp="2022-12-28T19:30:15 IST">
  <testcase classname="Scripts.Tc3" name="demo" time="0.009"/>
  <testcase classname="Scripts.Tc4" name="demo" time="0.001"/>
  <testcase classname="Scripts.Tc1" name="demo" time="0.001"/>
  <testcase classname="Scripts.Tc2" name="demo" time="0.0"/>
</testsuite> <!-- Test -->
