<?xml version="1.0" encoding="UTF-8"?>
<testng-results ignored="0" total="4" passed="4" failed="0" skipped="0">
  <reporter-output>
    <line>
      <![CDATA[hello selenium]]>
    </line>
    <line>
      <![CDATA[hello python selenium]]>
    </line>
    <line>
      <![CDATA[hello java]]>
    </line>
    <line>
      <![CDATA[hello python]]>
    </line>
  </reporter-output>
  <suite started-at="2022-12-28T19:30:15 IST" name="Suite" finished-at="2022-12-28T19:30:15 IST" duration-ms="49">
    <groups>
    </groups>
    <test started-at="2022-12-28T19:30:15 IST" name="Test" finished-at="2022-12-28T19:30:15 IST" duration-ms="49">
      <class name="Scripts.Tc1">
        <test-method signature="demo()[pri:0, instance:Scripts.Tc1@7ea9e1e2]" started-at="2022-12-28T19:30:15 IST" name="demo" finished-at="2022-12-28T19:30:15 IST" duration-ms="1" status="PASS">
          <reporter-output>
            <line>
              <![CDATA[hello java]]>
            </line>
          </reporter-output>
        </test-method> <!-- demo -->
      </class> <!-- Scripts.Tc1 -->
      <class name="Scripts.Tc2">
        <test-method signature="demo()[pri:0, instance:Scripts.Tc2@24fcf36f]" started-at="2022-12-28T19:30:15 IST" name="demo" finished-at="2022-12-28T19:30:15 IST" duration-ms="0" status="PASS">
          <reporter-output>
            <line>
              <![CDATA[hello python]]>
            </line>
          </reporter-output>
        </test-method> <!-- demo -->
      </class> <!-- Scripts.Tc2 -->
      <class name="Scripts.Tc3">
        <test-method signature="demo()[pri:0, instance:Scripts.Tc3@702b8b12]" started-at="2022-12-28T19:30:15 IST" name="demo" finished-at="2022-12-28T19:30:15 IST" duration-ms="9" status="PASS">
          <reporter-output>
            <line>
              <![CDATA[hello selenium]]>
            </line>
          </reporter-output>
        </test-method> <!-- demo -->
      </class> <!-- Scripts.Tc3 -->
      <class name="Scripts.Tc4">
        <test-method signature="demo()[pri:0, instance:Scripts.Tc4@3059cbc]" started-at="2022-12-28T19:30:15 IST" name="demo" finished-at="2022-12-28T19:30:15 IST" duration-ms="1" status="PASS">
          <reporter-output>
            <line>
              <![CDATA[hello python selenium]]>
            </line>
          </reporter-output>
        </test-method> <!-- demo -->
      </class> <!-- Scripts.Tc4 -->
    </test> <!-- Test -->
  </suite> <!-- Suite -->
</testng-results>
